<?xml version="1.0" encoding="UTF-8"?>
<!-- Generated by org.testng.reporters.JUnitReportReporter -->
<testsuite skipped="0" hostname="DESKTOP-KU75J3L" name="testseleniumpromain.Dataproviderchromeignup" tests="7" failures="0" timestamp="2020-05-09T19:06:55 IST" time="86.355" errors="0">
  <testcase name="Luxepasssignuptest" time="13.687" classname="testseleniumpromain.Dataproviderchromeignup"/>
  <testcase name="Luxepasssignuptest" time="11.398" classname="testseleniumpromain.Dataproviderchromeignup"/>
  <testcase name="Luxepasssignuptest" time="11.647" classname="testseleniumpromain.Dataproviderchromeignup"/>
  <testcase name="Luxepasssignuptest" time="13.705" classname="testseleniumpromain.Dataproviderchromeignup"/>
  <testcase name="Luxepasssignuptest" time="14.421" classname="testseleniumpromain.Dataproviderchromeignup"/>
  <testcase name="Luxepasssignuptest" time="10.628" classname="testseleniumpromain.Dataproviderchromeignup"/>
  <testcase name="Luxepasssignuptest" time="10.869" classname="testseleniumpromain.Dataproviderchromeignup"/>
</testsuite> <!-- testseleniumpromain.Dataproviderchromeignup -->
